<?xml version="1.0" encoding="UTF-8"?>
<testng-results skipped="0" failed="0" ignored="0" total="1" passed="1">
  <reporter-output>
  </reporter-output>
  <suite name="Default suite" duration-ms="24302" started-at="2019-08-10T17:38:57Z" finished-at="2019-08-10T17:39:21Z">
    <groups>
    </groups>
    <test name="Default test" duration-ms="24302" started-at="2019-08-10T17:38:57Z" finished-at="2019-08-10T17:39:21Z">
      <class name="com.assignment01.qa.LoginTest.LoginPageTest">
        <test-method status="PASS" signature="setup()[pri:0, instance:com.assignment01.qa.LoginTest.LoginPageTest@52a86356]" name="setup" is-config="true" duration-ms="6820" started-at="2019-08-10T17:38:57Z" finished-at="2019-08-10T17:39:04Z">
          <reporter-output>
          </reporter-output>
        </test-method> <!-- setup -->
        <test-method status="PASS" signature="Logintest()[pri:0, instance:com.assignment01.qa.LoginTest.LoginPageTest@52a86356]" name="Logintest" duration-ms="17245" started-at="2019-08-10T17:39:04Z" finished-at="2019-08-10T17:39:21Z">
          <reporter-output>
          </reporter-output>
        </test-method> <!-- Logintest -->
        <test-method status="PASS" signature="teardown()[pri:0, instance:com.assignment01.qa.LoginTest.LoginPageTest@52a86356]" name="teardown" is-config="true" duration-ms="216" started-at="2019-08-10T17:39:21Z" finished-at="2019-08-10T17:39:21Z">
          <reporter-output>
          </reporter-output>
        </test-method> <!-- teardown -->
      </class> <!-- com.assignment01.qa.LoginTest.LoginPageTest -->
    </test> <!-- Default test -->
  </suite> <!-- Default suite -->
</testng-results>
